<?xml version="1.0" encoding="UTF-8"?>
<!-- Generated by org.testng.reporters.JUnitReportReporter -->
<testsuite hostname="PRATIMA-3010" failures="0" tests="2" name="testNGPackage.Remo" time="0.012" errors="0" timestamp="2023-11-28T12:25:17 IST" skipped="0">
  <testcase classname="testNGPackage.Remo" name="method3" time="0.003">
    <system-out>
      <![CDATA[Method2 from Remo class]]>
    </system-out>
  </testcase> <!-- method3 -->
  <testcase classname="testNGPackage.Remo" name="method1" time="0.009">
    <system-out>
      <![CDATA[Method1 from Remo class]]>
    </system-out>
  </testcase> <!-- method1 -->
  <system-out>
    <![CDATA[Method1 from demo class
Method2 from demo class
Method1 from Remo class
Method2 from Remo class]]>
  </system-out>
</testsuite> <!-- testNGPackage.Remo -->
