<?xml version="1.0" encoding="UTF-8"?>
<!-- Generated by org.testng.reporters.JUnitReportReporter -->
<testsuite hostname="PRATIMA-3010" failures="0" tests="1" name="testNGExecutionPackage.JavaTest" time="10.284" errors="0" timestamp="2023-11-28T12:46:17 IST" skipped="0">
  <testcase classname="testNGExecutionPackage.JavaTest" name="java_method" time="10.284"/>
</testsuite> <!-- testNGExecutionPackage.JavaTest -->
