<?xml version="1.0" encoding="UTF-8"?>
<!-- Generated by org.testng.reporters.JUnitReportReporter -->
<testsuite hostname="PRATIMA-3010" failures="0" tests="1" name="testNGPackage.Sumo" time="0.004" errors="0" timestamp="2023-11-28T12:25:17 IST" skipped="0">
  <testcase classname="testNGPackage.Sumo" name="method3" time="0.004"/>
  <system-out>
    <![CDATA[Method1 from demo class
Method2 from demo class
Method1 from Remo class
Method2 from Remo class]]>
  </system-out>
</testsuite> <!-- testNGPackage.Sumo -->
