<?xml version="1.0" encoding="UTF-8"?>
<!-- Generated by org.testng.reporters.JUnitReportReporter -->
<testsuite hostname="PRATIMA-3010" failures="0" tests="2" name="testNGPackage.Demo" time="0.028" errors="0" timestamp="2023-11-28T12:25:17 IST" skipped="0">
  <testcase classname="testNGPackage.Demo" name="method2" time="0.006">
    <system-out>
      <![CDATA[Method2 from demo class]]>
    </system-out>
  </testcase> <!-- method2 -->
  <testcase classname="testNGPackage.Demo" name="method1" time="0.022">
    <system-out>
      <![CDATA[Method1 from demo class]]>
    </system-out>
  </testcase> <!-- method1 -->
  <system-out>
    <![CDATA[Method1 from demo class
Method2 from demo class
Method1 from Remo class
Method2 from Remo class]]>
  </system-out>
</testsuite> <!-- testNGPackage.Demo -->
